Using pre-set license
Built from '2020.3/staging' branch; Version is '2020.3.8f1 (507919d4fff5) revision 5273881'; Using compiler version '192528614'; Build Type 'Release'
OS: 'Windows 10 Home; OS build 18363.1556; Version 1909; 64bit' Language: 'en' Physical Memory: 16211 MB
BatchMode: 1, IsHumanControllingUs: 0, StartBugReporterOnCrash: 0, Is64bit: 1, IsPro: 0

 COMMAND LINE ARGUMENTS:
C:\Program Files\Unity\Hub\Editor\2020.3.8f1\Editor\Unity.exe
-adb2
-batchMode
-noUpm
-name
AssetImportWorker0
-projectPath
C:/Users/tobyc/Documents/github/Unity/Keymash Panic
-logFile
Logs/AssetImportWorker0.log
-srvPort
58813
Successfully changed project path to: C:/Users/tobyc/Documents/github/Unity/Keymash Panic
C:/Users/tobyc/Documents/github/Unity/Keymash Panic
Using Asset Import Pipeline V2.
Refreshing native plugins compatible for Editor in 65.48 ms, found 1 plugins.
Preloading 0 native plugins for Editor in 0.00 ms.
Initialize engine version: 2020.3.8f1 (507919d4fff5)
[Subsystems] Discovering subsystems at path C:/Program Files/Unity/Hub/Editor/2020.3.8f1/Editor/Data/Resources/UnitySubsystems
[Subsystems] Discovering subsystems at path C:/Users/tobyc/Documents/github/Unity/Keymash Panic/Assets
GfxDevice: creating device client; threaded=0
Direct3D:
    Version:  Direct3D 11.0 [level 11.0]
    Renderer: NVIDIA GeForce GTX 960M (ID=0x139b)
    Vendor:   
    VRAM:     4055 MB
    Driver:   27.21.14.6079
Initialize mono
Mono path[0] = 'C:/Program Files/Unity/Hub/Editor/2020.3.8f1/Editor/Data/Managed'
Mono path[1] = 'C:/Program Files/Unity/Hub/Editor/2020.3.8f1/Editor/Data/MonoBleedingEdge/lib/mono/unityjit'
Mono config path = 'C:/Program Files/Unity/Hub/Editor/2020.3.8f1/Editor/Data/MonoBleedingEdge/etc'
Using monoOptions --debugger-agent=transport=dt_socket,embedding=1,server=y,suspend=n,address=127.0.0.1:56588
Begin MonoManager ReloadAssembly
Registering precompiled unity dll's ...
Register platform support module: C:/Program Files/Unity/Hub/Editor/2020.3.8f1/Editor/Data/PlaybackEngines/WindowsStandaloneSupport/UnityEditor.WindowsStandalone.Extensions.dll
Registered in 0.002663 seconds.
Native extension for WindowsStandalone target not found
Refreshing native plugins compatible for Editor in 47.38 ms, found 1 plugins.
Preloading 0 native plugins for Editor in 0.00 ms.
Mono: successfully reloaded assembly
- Completed reload, in  1.461 seconds
Platform modules already initialized, skipping
Registering precompiled user dll's ...
Registered in 0.001330 seconds.
Begin MonoManager ReloadAssembly
Native extension for WindowsStandalone target not found
Refreshing native plugins compatible for Editor in 45.99 ms, found 1 plugins.
Preloading 0 native plugins for Editor in 0.00 ms.
Mono: successfully reloaded assembly
- Completed reload, in  1.412 seconds
Platform modules already initialized, skipping
========================================================================
Worker process is ready to serve import requests
Launched and connected shader compiler UnityShaderCompiler.exe after 0.08 seconds
Refreshing native plugins compatible for Editor in 0.37 ms, found 1 plugins.
Preloading 0 native plugins for Editor in 0.00 ms.
Unloading 1819 Unused Serialized files (Serialized files now loaded: 0)
System memory in use before: 85.2 MB.
System memory in use after: 85.1 MB.

Unloading 24 unused Assets to reduce memory usage. Loaded Objects now: 2262.
Total: 3.690600 ms (FindLiveObjects: 0.390900 ms CreateObjectMapping: 0.189200 ms MarkObjects: 2.886500 ms  DeleteObjects: 0.222400 ms)

========================================================================
Received Import Request.
  path: Assets/DGame - Dice
  artifactKey: Guid(090ec22f1eea1674883b986c8fd23137) Importer(815301076,1909f56bfc062723c751e8b465ee728b)
Start importing Assets/DGame - Dice using Guid(090ec22f1eea1674883b986c8fd23137) Importer(815301076,1909f56bfc062723c751e8b465ee728b)  -> (artifact id: '60ed149a0b5462d71075e374dce62fdb') in 0.013249 seconds
  Import took 0.016722 seconds .

========================================================================
Received Import Request.
  Time since last request: 440.445059 seconds.
  path: Assets/NGame - Needle
  artifactKey: Guid(da6bd7996538cb4448ebdc91c27548e8) Importer(815301076,1909f56bfc062723c751e8b465ee728b)
Start importing Assets/NGame - Needle using Guid(da6bd7996538cb4448ebdc91c27548e8) Importer(815301076,1909f56bfc062723c751e8b465ee728b)  -> (artifact id: '1b6ffc1a65e58975a19ba9161b998ec1') in 0.009758 seconds
  Import took 0.014587 seconds .

========================================================================
Received Import Request.
  Time since last request: 80.930933 seconds.
  path: Assets/GGame - Gunner
  artifactKey: Guid(10984d6d04494fc4787f510e134b4193) Importer(815301076,1909f56bfc062723c751e8b465ee728b)
Start importing Assets/GGame - Gunner using Guid(10984d6d04494fc4787f510e134b4193) Importer(815301076,1909f56bfc062723c751e8b465ee728b)  -> (artifact id: 'ab1f47c5c8441c0ed8bebdc469d2e9db') in 0.010561 seconds
  Import took 0.015907 seconds .

========================================================================
Received Import Request.
  Time since last request: 8.342739 seconds.
  path: Assets/EGame - Eggs
  artifactKey: Guid(603a4777028041b41af08a1589223963) Importer(815301076,1909f56bfc062723c751e8b465ee728b)
Start importing Assets/EGame - Eggs using Guid(603a4777028041b41af08a1589223963) Importer(815301076,1909f56bfc062723c751e8b465ee728b)  -> (artifact id: 'ce2b0fb43d9462b4dd7dc041ed1d2dcc') in 0.010389 seconds
  Import took 0.014506 seconds .

========================================================================
Received Import Request.
  Time since last request: 212.894859 seconds.
  path: Assets/TGame - TrainTracks
  artifactKey: Guid(78cd035e0528d884a9a6356deaadbeb3) Importer(815301076,1909f56bfc062723c751e8b465ee728b)
Start importing Assets/TGame - TrainTracks using Guid(78cd035e0528d884a9a6356deaadbeb3) Importer(815301076,1909f56bfc062723c751e8b465ee728b)  -> (artifact id: '7cf2d2f7a322619dc870923056346ae9') in 0.099366 seconds
  Import took 0.104389 seconds .

========================================================================
Received Import Request.
  Time since last request: 317.385627 seconds.
  path: Assets/VGame - Vertigo
  artifactKey: Guid(b21e12e37056de74db4a27e49d861b20) Importer(815301076,1909f56bfc062723c751e8b465ee728b)
Start importing Assets/VGame - Vertigo using Guid(b21e12e37056de74db4a27e49d861b20) Importer(815301076,1909f56bfc062723c751e8b465ee728b)  -> (artifact id: '7db3fbbbbf6a30ea829560b7c164d8b7') in 0.015550 seconds
  Import took 0.021533 seconds .

AssetImportWorkerClient::OnTransportError - code=2 error=End of file
